<?xml version="1.0" encoding="UTF-8"?>
<!-- Generated by org.testng.reporters.JUnitXMLReporter -->
<testsuite hostname="IGNP-LPWDEV0167" ignored="0" name="Login Page Form Test" tests="5" failures="0" timestamp="2024-04-30T02:01:56 IST" time="0.124" errors="0">
  <testcase name="Find_Username_Label" time="0.033" classname="maven_demo.LoginPageUITest"/>
  <testcase name="Find_Email_Input" time="0.028" classname="maven_demo.LoginPageUITest"/>
  <testcase name="Find_Password_Label" time="0.01" classname="maven_demo.LoginPageUITest"/>
  <testcase name="Find_Password_Input" time="0.017" classname="maven_demo.LoginPageUITest"/>
  <testcase name="Find_Signin_Button" time="0.013" classname="maven_demo.LoginPageUITest"/>
</testsuite> <!-- Login Page Form Test -->
