<?xml version="1.0" encoding="UTF-8"?>
<!-- Generated by org.testng.reporters.JUnitXMLReporter -->
<testsuite ignored="0" hostname="IGNP-LPWDEV0167" failures="1" tests="2" name="Login Page Form Test" time="0.029" errors="0" timestamp="2024-05-01T00:22:42 IST">
  <testcase classname="maven_demo.MyAccountPageUITest" name="Find_ProfilePicture" time="0.009"/>
  <testcase classname="maven_demo.MyAccountPageUITest" name="Find_LoggedIn_Username" time="0.015">
    <failure type="java.lang.AssertionError" message="Username not visible">
      <![CDATA[java.lang.AssertionError: Username not visible
at maven_demo.MyAccountPageUITest.Find_LoggedIn_Username(MyAccountPageUITest.java:37)
at java.base/java.util.ArrayList.forEach(ArrayList.java:1511)
... Removed 27 stack frames]]>
    </failure>
  </testcase> <!-- Find_LoggedIn_Username -->
</testsuite> <!-- Login Page Form Test -->
