<?xml version="1.0" encoding="UTF-8"?>
<!-- Generated by org.testng.reporters.JUnitXMLReporter -->
<testsuite ignored="0" hostname="IGNP-LPWDEV0167" failures="1" tests="4" name="My_Account Page UI Test" time="0.048" errors="0" timestamp="2024-05-02T22:17:04 IST">
  <testcase classname="maven_demo.MyAccountPageUITest" name="Find_ProfilePicture" time="0.009"/>
  <testcase classname="maven_demo.MyAccountPageUITest" name="Find_LoggedIn_Username" time="0.018">
    <failure type="java.lang.AssertionError" message="Username not visible">
      <![CDATA[java.lang.AssertionError: Username not visible
at maven_demo.MyAccountPageUITest.Find_LoggedIn_Username(MyAccountPageUITest.java:38)
at java.base/java.util.ArrayList.forEach(ArrayList.java:1511)
... Removed 27 stack frames]]>
    </failure>
  </testcase> <!-- Find_LoggedIn_Username -->
  <testcase classname="maven_demo.MyAccountPageUITest" name="Find_UserRole" time="0.007"/>
  <testcase classname="maven_demo.MyAccountPageUITest" name="Find_AddAccountButton" time="0.007"/>
</testsuite> <!-- My_Account Page UI Test -->
