<?xml version="1.0" encoding="UTF-8"?>
<testng-results skipped="0" failed="0" ignored="0" total="5" passed="5">
  <reporter-output>
  </reporter-output>
  <suite name="Login Page UI Test Suite" duration-ms="124" started-at="2024-04-30T02:01:55 IST" finished-at="2024-04-30T02:01:56 IST">
    <groups>
    </groups>
    <test name="Login Page Form Test" duration-ms="124" started-at="2024-04-30T02:01:55 IST" finished-at="2024-04-30T02:01:56 IST">
      <class name="maven_demo.LoginPageUITest">
        <test-method status="PASS" signature="initialize()[pri:0, instance:maven_demo.LoginPageUITest@71423665]" name="initialize" is-config="true" duration-ms="4299" started-at="2024-04-30T02:01:51 IST" finished-at="2024-04-30T02:01:55 IST">
          <reporter-output>
          </reporter-output>
        </test-method> <!-- initialize -->
        <test-method status="PASS" signature="Find_Username_Label()[pri:0, instance:maven_demo.LoginPageUITest@71423665]" name="Find_Username_Label" duration-ms="33" started-at="2024-04-30T02:01:56 IST" finished-at="2024-04-30T02:01:56 IST">
          <reporter-output>
          </reporter-output>
        </test-method> <!-- Find_Username_Label -->
        <test-method status="PASS" signature="Find_Email_Input()[pri:1, instance:maven_demo.LoginPageUITest@71423665]" name="Find_Email_Input" duration-ms="28" started-at="2024-04-30T02:01:56 IST" finished-at="2024-04-30T02:01:56 IST">
          <reporter-output>
          </reporter-output>
        </test-method> <!-- Find_Email_Input -->
        <test-method status="PASS" signature="Find_Password_Label()[pri:2, instance:maven_demo.LoginPageUITest@71423665]" name="Find_Password_Label" duration-ms="10" started-at="2024-04-30T02:01:56 IST" finished-at="2024-04-30T02:01:56 IST">
          <reporter-output>
          </reporter-output>
        </test-method> <!-- Find_Password_Label -->
        <test-method status="PASS" signature="Find_Password_Input()[pri:3, instance:maven_demo.LoginPageUITest@71423665]" name="Find_Password_Input" duration-ms="17" started-at="2024-04-30T02:01:56 IST" finished-at="2024-04-30T02:01:56 IST">
          <reporter-output>
          </reporter-output>
        </test-method> <!-- Find_Password_Input -->
        <test-method status="PASS" signature="Find_Signin_Button()[pri:7, instance:maven_demo.LoginPageUITest@71423665]" name="Find_Signin_Button" duration-ms="13" started-at="2024-04-30T02:01:56 IST" finished-at="2024-04-30T02:01:56 IST">
          <reporter-output>
          </reporter-output>
        </test-method> <!-- Find_Signin_Button -->
      </class> <!-- maven_demo.LoginPageUITest -->
    </test> <!-- Login Page Form Test -->
  </suite> <!-- Login Page UI Test Suite -->
  <suite name="LoginSanitySuite" duration-ms="0" started-at="2024-04-30T02:01:56 IST" finished-at="2024-04-30T02:01:56 IST">
    <groups>
    </groups>
  </suite> <!-- LoginSanitySuite -->
</testng-results>
